[2025-05-17 02:13:04.726 AM] [31merror[39m: 	[31muncaughtException: Cannot find module 'jsonwebtoken'[39m
[31mRequire stack:[39m
[31m- C:\Users\rapoo\Lance\services\authService.js[39m
[31m- C:\Users\rapoo\Lance\controllers\authController.js[39m
[31m- C:\Users\rapoo\Lance\routes\authRoutes.js[39m
[31m- C:\Users\rapoo\Lance\app.js[39m
[31mError: Cannot find module 'jsonwebtoken'[39m
[31mRequire stack:[39m
[31m- C:\Users\rapoo\Lance\services\authService.js[39m
[31m- C:\Users\rapoo\Lance\controllers\authController.js[39m
[31m- C:\Users\rapoo\Lance\routes\authRoutes.js[39m
[31m- C:\Users\rapoo\Lance\app.js[39m
[31m    at Function._resolveFilename (node:internal/modules/cjs/loader:1225:15)[39m
[31m    at Function._load (node:internal/modules/cjs/loader:1055:27)[39m
[31m    at TracingChannel.traceSync (node:diagnostics_channel:322:14)[39m
[31m    at wrapModuleLoad (node:internal/modules/cjs/loader:220:24)[39m
[31m    at Module.require (node:internal/modules/cjs/loader:1311:12)[39m
[31m    at require (node:internal/modules/helpers:136:16)[39m
[31m    at Object.<anonymous> (C:\Users\rapoo\Lance\services\authService.js:2:13)[39m
[31m    at Module._compile (node:internal/modules/cjs/loader:1554:14)[39m
[31m    at Object..js (node:internal/modules/cjs/loader:1706:10)[39m
[31m    at Module.load (node:internal/modules/cjs/loader:1289:32)[39m
[2025-05-17 02:13:30.352 AM] [31merror[39m: 	[31muncaughtException: Cannot find module 'jsonwebtoken'[39m
[31mRequire stack:[39m
[31m- C:\Users\rapoo\Lance\services\authService.js[39m
[31m- C:\Users\rapoo\Lance\controllers\authController.js[39m
[31m- C:\Users\rapoo\Lance\routes\authRoutes.js[39m
[31m- C:\Users\rapoo\Lance\app.js[39m
[31mError: Cannot find module 'jsonwebtoken'[39m
[31mRequire stack:[39m
[31m- C:\Users\rapoo\Lance\services\authService.js[39m
[31m- C:\Users\rapoo\Lance\controllers\authController.js[39m
[31m- C:\Users\rapoo\Lance\routes\authRoutes.js[39m
[31m- C:\Users\rapoo\Lance\app.js[39m
[31m    at Function._resolveFilename (node:internal/modules/cjs/loader:1225:15)[39m
[31m    at Function._load (node:internal/modules/cjs/loader:1055:27)[39m
[31m    at TracingChannel.traceSync (node:diagnostics_channel:322:14)[39m
[31m    at wrapModuleLoad (node:internal/modules/cjs/loader:220:24)[39m
[31m    at Module.require (node:internal/modules/cjs/loader:1311:12)[39m
[31m    at require (node:internal/modules/helpers:136:16)[39m
[31m    at Object.<anonymous> (C:\Users\rapoo\Lance\services\authService.js:2:13)[39m
[31m    at Module._compile (node:internal/modules/cjs/loader:1554:14)[39m
[31m    at Object..js (node:internal/modules/cjs/loader:1706:10)[39m
[31m    at Module.load (node:internal/modules/cjs/loader:1289:32)[39m
[2025-05-17 02:13:34.486 AM] [31merror[39m: 	[31muncaughtException: Cannot find module 'jsonwebtoken'[39m
[31mRequire stack:[39m
[31m- C:\Users\rapoo\Lance\services\authService.js[39m
[31m- C:\Users\rapoo\Lance\controllers\authController.js[39m
[31m- C:\Users\rapoo\Lance\routes\authRoutes.js[39m
[31m- C:\Users\rapoo\Lance\app.js[39m
[31mError: Cannot find module 'jsonwebtoken'[39m
[31mRequire stack:[39m
[31m- C:\Users\rapoo\Lance\services\authService.js[39m
[31m- C:\Users\rapoo\Lance\controllers\authController.js[39m
[31m- C:\Users\rapoo\Lance\routes\authRoutes.js[39m
[31m- C:\Users\rapoo\Lance\app.js[39m
[31m    at Function._resolveFilename (node:internal/modules/cjs/loader:1225:15)[39m
[31m    at Function._load (node:internal/modules/cjs/loader:1055:27)[39m
[31m    at TracingChannel.traceSync (node:diagnostics_channel:322:14)[39m
[31m    at wrapModuleLoad (node:internal/modules/cjs/loader:220:24)[39m
[31m    at Module.require (node:internal/modules/cjs/loader:1311:12)[39m
[31m    at require (node:internal/modules/helpers:136:16)[39m
[31m    at Object.<anonymous> (C:\Users\rapoo\Lance\services\authService.js:2:13)[39m
[31m    at Module._compile (node:internal/modules/cjs/loader:1554:14)[39m
[31m    at Object..js (node:internal/modules/cjs/loader:1706:10)[39m
[31m    at Module.load (node:internal/modules/cjs/loader:1289:32)[39m
[2025-05-17 02:14:06.778 AM] [31merror[39m: 	[31muncaughtException: Cannot find module 'jsonwebtoken'[39m
[31mRequire stack:[39m
[31m- C:\Users\rapoo\Lance\services\authService.js[39m
[31m- C:\Users\rapoo\Lance\controllers\authController.js[39m
[31m- C:\Users\rapoo\Lance\routes\authRoutes.js[39m
[31m- C:\Users\rapoo\Lance\app.js[39m
[31mError: Cannot find module 'jsonwebtoken'[39m
[31mRequire stack:[39m
[31m- C:\Users\rapoo\Lance\services\authService.js[39m
[31m- C:\Users\rapoo\Lance\controllers\authController.js[39m
[31m- C:\Users\rapoo\Lance\routes\authRoutes.js[39m
[31m- C:\Users\rapoo\Lance\app.js[39m
[31m    at Function._resolveFilename (node:internal/modules/cjs/loader:1225:15)[39m
[31m    at Function._load (node:internal/modules/cjs/loader:1055:27)[39m
[31m    at TracingChannel.traceSync (node:diagnostics_channel:322:14)[39m
[31m    at wrapModuleLoad (node:internal/modules/cjs/loader:220:24)[39m
[31m    at Module.require (node:internal/modules/cjs/loader:1311:12)[39m
[31m    at require (node:internal/modules/helpers:136:16)[39m
[31m    at Object.<anonymous> (C:\Users\rapoo\Lance\services\authService.js:2:13)[39m
[31m    at Module._compile (node:internal/modules/cjs/loader:1554:14)[39m
[31m    at Object..js (node:internal/modules/cjs/loader:1706:10)[39m
[31m    at Module.load (node:internal/modules/cjs/loader:1289:32)[39m
[2025-05-17 02:14:11.011 AM] [31merror[39m: 	[31muncaughtException: Cannot find module 'jsonwebtoken'[39m
[31mRequire stack:[39m
[31m- C:\Users\rapoo\Lance\services\authService.js[39m
[31m- C:\Users\rapoo\Lance\controllers\authController.js[39m
[31m- C:\Users\rapoo\Lance\routes\authRoutes.js[39m
[31m- C:\Users\rapoo\Lance\app.js[39m
[31mError: Cannot find module 'jsonwebtoken'[39m
[31mRequire stack:[39m
[31m- C:\Users\rapoo\Lance\services\authService.js[39m
[31m- C:\Users\rapoo\Lance\controllers\authController.js[39m
[31m- C:\Users\rapoo\Lance\routes\authRoutes.js[39m
[31m- C:\Users\rapoo\Lance\app.js[39m
[31m    at Function._resolveFilename (node:internal/modules/cjs/loader:1225:15)[39m
[31m    at Function._load (node:internal/modules/cjs/loader:1055:27)[39m
[31m    at TracingChannel.traceSync (node:diagnostics_channel:322:14)[39m
[31m    at wrapModuleLoad (node:internal/modules/cjs/loader:220:24)[39m
[31m    at Module.require (node:internal/modules/cjs/loader:1311:12)[39m
[31m    at require (node:internal/modules/helpers:136:16)[39m
[31m    at Object.<anonymous> (C:\Users\rapoo\Lance\services\authService.js:2:13)[39m
[31m    at Module._compile (node:internal/modules/cjs/loader:1554:14)[39m
[31m    at Object..js (node:internal/modules/cjs/loader:1706:10)[39m
[31m    at Module.load (node:internal/modules/cjs/loader:1289:32)[39m
[2025-05-17 02:15:12.943 AM] [31merror[39m: 	[31muncaughtException: Cannot find module 'jsonwebtoken'[39m
[31mRequire stack:[39m
[31m- C:\Users\rapoo\Lance\services\authService.js[39m
[31m- C:\Users\rapoo\Lance\controllers\authController.js[39m
[31m- C:\Users\rapoo\Lance\routes\authRoutes.js[39m
[31m- C:\Users\rapoo\Lance\app.js[39m
[31mError: Cannot find module 'jsonwebtoken'[39m
[31mRequire stack:[39m
[31m- C:\Users\rapoo\Lance\services\authService.js[39m
[31m- C:\Users\rapoo\Lance\controllers\authController.js[39m
[31m- C:\Users\rapoo\Lance\routes\authRoutes.js[39m
[31m- C:\Users\rapoo\Lance\app.js[39m
[31m    at Function._resolveFilename (node:internal/modules/cjs/loader:1225:15)[39m
[31m    at Function._load (node:internal/modules/cjs/loader:1055:27)[39m
[31m    at TracingChannel.traceSync (node:diagnostics_channel:322:14)[39m
[31m    at wrapModuleLoad (node:internal/modules/cjs/loader:220:24)[39m
[31m    at Module.require (node:internal/modules/cjs/loader:1311:12)[39m
[31m    at require (node:internal/modules/helpers:136:16)[39m
[31m    at Object.<anonymous> (C:\Users\rapoo\Lance\services\authService.js:2:13)[39m
[31m    at Module._compile (node:internal/modules/cjs/loader:1554:14)[39m
[31m    at Object..js (node:internal/modules/cjs/loader:1706:10)[39m
[31m    at Module.load (node:internal/modules/cjs/loader:1289:32)[39m
[2025-05-17 02:16:51.571 AM] [31merror[39m: 	[31muncaughtException: Cannot find module 'jsonwebtoken'[39m
[31mRequire stack:[39m
[31m- C:\Users\rapoo\Lance\services\authService.js[39m
[31m- C:\Users\rapoo\Lance\controllers\authController.js[39m
[31m- C:\Users\rapoo\Lance\routes\authRoutes.js[39m
[31m- C:\Users\rapoo\Lance\app.js[39m
[31mError: Cannot find module 'jsonwebtoken'[39m
[31mRequire stack:[39m
[31m- C:\Users\rapoo\Lance\services\authService.js[39m
[31m- C:\Users\rapoo\Lance\controllers\authController.js[39m
[31m- C:\Users\rapoo\Lance\routes\authRoutes.js[39m
[31m- C:\Users\rapoo\Lance\app.js[39m
[31m    at Function._resolveFilename (node:internal/modules/cjs/loader:1225:15)[39m
[31m    at Function._load (node:internal/modules/cjs/loader:1055:27)[39m
[31m    at TracingChannel.traceSync (node:diagnostics_channel:322:14)[39m
[31m    at wrapModuleLoad (node:internal/modules/cjs/loader:220:24)[39m
[31m    at Module.require (node:internal/modules/cjs/loader:1311:12)[39m
[31m    at require (node:internal/modules/helpers:136:16)[39m
[31m    at Object.<anonymous> (C:\Users\rapoo\Lance\services\authService.js:2:13)[39m
[31m    at Module._compile (node:internal/modules/cjs/loader:1554:14)[39m
[31m    at Object..js (node:internal/modules/cjs/loader:1706:10)[39m
[31m    at Module.load (node:internal/modules/cjs/loader:1289:32)[39m
